\BOOKMARK [1][-]{section.1}{Roteiro}{}% 1
\BOOKMARK [2][-]{subsection.1.1}{Introduzir tema central}{section.1}% 2
\BOOKMARK [2][-]{subsection.1.2}{Introduzir o contexto hist\363rico da problem\341tica}{section.1}% 3
\BOOKMARK [2][-]{subsection.1.3}{Contar um pouco a minha hist\363ria em Portugal sobre a seguran\347a}{section.1}% 4
\BOOKMARK [2][-]{subsection.1.4}{A falta de seguran\347a nas ruas, no comercio e nas resid\352ncias}{section.1}% 5
\BOOKMARK [2][-]{subsection.1.5}{O conflito: Apresentar a diferen\347a entre os rob\364s de seguran\347a e os guardas de seguran\347a}{section.1}% 6
\BOOKMARK [2][-]{subsection.1.6}{Apresentar os rob\364s de seguran\347a e sua hist\363ria}{section.1}% 7
\BOOKMARK [2][-]{subsection.1.7}{Mostrar o que existe atualmente de desenvolvimento}{section.1}% 8
\BOOKMARK [2][-]{subsection.1.8}{Limites dos rob\364s de seguran\347a \(Regulamenta\347\343o\)}{section.1}% 9
\BOOKMARK [2][-]{subsection.1.9}{Concluindo o tema}{section.1}% 10
\BOOKMARK [1][-]{section.2}{Estrat\351gia da Apresenta\347\343o}{}% 11
\BOOKMARK [2][-]{subsection.2.1}{Perfil}{section.2}% 12
\BOOKMARK [2][-]{subsection.2.2}{P\372blico Alvo}{section.2}% 13
\BOOKMARK [2][-]{subsection.2.3}{Forma de transmitir o tema}{section.2}% 14
\BOOKMARK [2][-]{subsection.2.4}{Material da apresenta\347\343o}{section.2}% 15
\BOOKMARK [3][-]{subsubsection.2.4.1}{Capa}{subsection.2.4}% 16
\BOOKMARK [3][-]{subsubsection.2.4.2}{Introdu\347\343o \(Slides 1\)}{subsection.2.4}% 17
\BOOKMARK [3][-]{subsubsection.2.4.3}{Contextualizar o tema \(Slide 2-4\)}{subsection.2.4}% 18
\BOOKMARK [3][-]{subsubsection.2.4.4}{Falta de seguran\347as nas ruas e nas resid\352ncias \(Slide 5\)}{subsection.2.4}% 19
\BOOKMARK [3][-]{subsubsection.2.4.5}{Rob\364s de seguran\347a vs Guardas de Seguran\347a \(Slides 6-8\)}{subsection.2.4}% 20
\BOOKMARK [3][-]{subsubsection.2.4.6}{Rob\364s de Seguran\347a de patrim\364nio \(Slide 9\)}{subsection.2.4}% 21
\BOOKMARK [3][-]{subsubsection.2.4.7}{Equipamentos do rob\364 de seguran\347a \(Slide 10\)}{subsection.2.4}% 22
\BOOKMARK [3][-]{subsubsection.2.4.8}{Melhores rob\364s de seguran\347a do mercado \(Slide 10-11\)}{subsection.2.4}% 23
\BOOKMARK [3][-]{subsubsection.2.4.9}{Limites dos rob\364s de seguran\347a \(Legisla\347\343o da rob\363tica \) \(Slide 11\)}{subsection.2.4}% 24
\BOOKMARK [3][-]{subsubsection.2.4.10}{Considera\347\365es finais \(Slide 12\)}{subsection.2.4}% 25
